#
# There is insufficient memory for the Java Runtime Environment to continue.
# Native memory allocation (malloc) failed to allocate 32744 bytes for ChunkPool::allocate
# Possible reasons:
#   The system is out of physical RAM or swap space
#   In 32 bit mode, the process size limit was hit
# Possible solutions:
#   Reduce memory load on the system
#   Increase physical memory or swap space
#   Check if swap backing store is full
#   Use 64 bit Java on a 64 bit OS
#   Decrease Java heap size (-Xmx/-Xms)
#   Decrease number of Java threads
#   Decrease Java thread stack sizes (-Xss)
#   Set larger code cache with -XX:ReservedCodeCacheSize=
# This output file may be truncated or incomplete.
#
#  Out of Memory Error (allocation.cpp:273), pid=7860, tid=0x000000000000316c
#
# JRE version: Java(TM) SE Runtime Environment (8.0_111-b14) (build 1.8.0_111-b14)
# Java VM: Java HotSpot(TM) 64-Bit Server VM (25.111-b14 mixed mode windows-amd64 compressed oops)
# Failed to write core dump. Minidumps are not enabled by default on client versions of Windows
#

---------------  T H R E A D  ---------------

Current thread (0x0000000009a24800):  JavaThread "C2 CompilerThread1" daemon [_thread_in_native, id=12652, stack(0x000000000b1c0000,0x000000000b2c0000)]

Stack: [0x000000000b1c0000,0x000000000b2c0000]
[error occurred during error reporting (printing stack bounds), id 0xc0000005]

Native frames: (J=compiled Java code, j=interpreted, Vv=VM code, C=native code)


Current CompileTask:
C2:   9535  753       4       com.sun.tools.javac.file.ZipFileIndex::access$700 (6 bytes)


---------------  P R O C E S S  ---------------

Java Threads: ( => current thread )
  0x0000000009ac7800 JavaThread "Service Thread" daemon [_thread_blocked, id=9032, stack(0x000000000b760000,0x000000000b860000)]
  0x0000000009a2f000 JavaThread "C1 CompilerThread3" daemon [_thread_in_native, id=14240, stack(0x000000000b650000,0x000000000b750000)]
  0x0000000009a2e800 JavaThread "C2 CompilerThread2" daemon [_thread_in_native, id=18000, stack(0x000000000b470000,0x000000000b570000)]
=>0x0000000009a24800 JavaThread "C2 CompilerThread1" daemon [_thread_in_native, id=12652, stack(0x000000000b1c0000,0x000000000b2c0000)]
  0x0000000009a06000 JavaThread "C2 CompilerThread0" daemon [_thread_in_native, id=31364, stack(0x000000000b090000,0x000000000b190000)]
  0x0000000009a05000 JavaThread "Attach Listener" daemon [_thread_blocked, id=19140, stack(0x000000000af00000,0x000000000b000000)]
  0x0000000009a0f000 JavaThread "Signal Dispatcher" daemon [_thread_blocked, id=28308, stack(0x000000000aab0000,0x000000000abb0000)]
  0x000000000893d800 JavaThread "Finalizer" daemon [_thread_blocked, id=20804, stack(0x000000000ad40000,0x000000000ae40000)]
  0x0000000008936800 JavaThread "Reference Handler" daemon [_thread_blocked, id=29620, stack(0x000000000abc0000,0x000000000acc0000)]
  0x0000000001e0e800 JavaThread "main" [_thread_in_vm, id=27844, stack(0x0000000002500000,0x0000000002600000)]

Other Threads:
  0x00000000099a0800 VMThread [stack: 0x000000000a900000,0x000000000aa00000] [id=7200]
  0x0000000009b09000 WatcherThread [stack: 0x000000000b860000,0x000000000b960000] [id=29332]

VM state:not at safepoint (normal execution)

VM Mutex/Monitor currently owned by a thread: None

Heap:
 PSYoungGen      total 13824K, used 7269K [0x00000000d5580000, 0x00000000d6600000, 0x0000000100000000)
  eden space 10752K, 39% used [0x00000000d5580000,0x00000000d59a1a38,0x00000000d6000000)
  from space 3072K, 98% used [0x00000000d6000000,0x00000000d62f7be8,0x00000000d6300000)
  to   space 3072K, 0% used [0x00000000d6300000,0x00000000d6300000,0x00000000d6600000)
 ParOldGen       total 5632K, used 5160K [0x0000000080000000, 0x0000000080580000, 0x00000000d5580000)
  object space 5632K, 91% used [0x0000000080000000,0x000000008050a1f0,0x0000000080580000)
 Metaspace       used 7783K, capacity 8372K, committed 8704K, reserved 1056768K
  class space    used 917K, capacity 944K, committed 1024K, reserved 1048576K

Card table byte_map: [0x00000000029c0000,0x0000000002dd0000] byte_map_base: 0x00000000025c0000

Marking Bits: (ParMarkBitMap*) 0x000000005ba8a6c0
 Begin Bits: [0x0000000003b50000, 0x0000000005b50000)
 End Bits:   [0x0000000005b50000, 0x0000000007b50000)

Polling page: 0x0000000000120000

CodeCache: size=245760Kb used=3590Kb max_used=3590Kb free=242169Kb
 bounds [0x000000000f010000, 0x000000000f3a0000, 0x000000001e010000]
 total_blobs=1038 nmethods=750 adapters=201
 compilation: enabled

Compilation events (10 events):
Event: 9.493 Thread 0x0000000009a06000  749 %     4       com.sun.tools.javac.file.ZipFileIndex$ZipDirectory::readEntry @ 102 (587 bytes)
Event: 9.496 Thread 0x0000000009a2f000  750       3       java.util.ArrayList::grow (45 bytes)
Event: 9.497 Thread 0x0000000009a24800  751       4       com.sun.tools.javac.file.RelativePath$RelativeDirectory::<init> (44 bytes)
Event: 9.497 Thread 0x0000000009a2f000 nmethod 750 0x000000000f384850 code [0x000000000f3849e0, 0x000000000f384ed8]
Event: 9.499 Thread 0x0000000009a2f000  752       3       java.util.ComparableTimSort::mergeHi (729 bytes)
Event: 9.500 Thread 0x0000000009a24800 nmethod 751 0x000000000f384290 code [0x000000000f3843e0, 0x000000000f384658]
Event: 9.501 Thread 0x0000000009a2f000 nmethod 752 0x000000000f389890 code [0x000000000f389be0, 0x000000000f38c0f8]
Event: 9.501 Thread 0x0000000009a24800  753       4       com.sun.tools.javac.file.ZipFileIndex::access$700 (6 bytes)
Event: 9.504 Thread 0x0000000009a2f000  754       3       java.util.ComparableTimSort::mergeLo (656 bytes)
Event: 9.516 Thread 0x0000000009a2f000 nmethod 754 0x000000000f393d10 code [0x000000000f394060, 0x000000000f3964d8]

GC Heap History (10 events):
Event: 3.717 GC heap before
{Heap before GC invocations=11 (full 1):
 PSYoungGen      total 7168K, used 4087K [0x00000000d5580000, 0x00000000d6200000, 0x0000000100000000)
  eden space 4096K, 99% used [0x00000000d5580000,0x00000000d597dd00,0x00000000d5980000)
  from space 3072K, 0% used [0x00000000d5980000,0x00000000d5980000,0x00000000d5c80000)
  to   space 3072K, 0% used [0x00000000d5f00000,0x00000000d5f00000,0x00000000d6200000)
 ParOldGen       total 5632K, used 2197K [0x0000000080000000, 0x0000000080580000, 0x00000000d5580000)
  object space 5632K, 39% used [0x0000000080000000,0x0000000080225498,0x0000000080580000)
 Metaspace       used 6777K, capacity 7636K, committed 7808K, reserved 1056768K
  class space    used 827K, capacity 848K, committed 896K, reserved 1048576K
Event: 3.718 GC heap after
Heap after GC invocations=11 (full 1):
 PSYoungGen      total 9728K, used 36K [0x00000000d5580000, 0x00000000d6200000, 0x0000000100000000)
  eden space 6656K, 0% used [0x00000000d5580000,0x00000000d5580000,0x00000000d5c00000)
  from space 3072K, 1% used [0x00000000d5f00000,0x00000000d5f09080,0x00000000d6200000)
  to   space 3072K, 0% used [0x00000000d5c00000,0x00000000d5c00000,0x00000000d5f00000)
 ParOldGen       total 5632K, used 2197K [0x0000000080000000, 0x0000000080580000, 0x00000000d5580000)
  object space 5632K, 39% used [0x0000000080000000,0x0000000080225498,0x0000000080580000)
 Metaspace       used 6777K, capacity 7636K, committed 7808K, reserved 1056768K
  class space    used 827K, capacity 848K, committed 896K, reserved 1048576K
}
Event: 4.210 GC heap before
{Heap before GC invocations=12 (full 1):
 PSYoungGen      total 9728K, used 6692K [0x00000000d5580000, 0x00000000d6200000, 0x0000000100000000)
  eden space 6656K, 100% used [0x00000000d5580000,0x00000000d5c00000,0x00000000d5c00000)
  from space 3072K, 1% used [0x00000000d5f00000,0x00000000d5f09080,0x00000000d6200000)
  to   space 3072K, 0% used [0x00000000d5c00000,0x00000000d5c00000,0x00000000d5f00000)
 ParOldGen       total 5632K, used 2197K [0x0000000080000000, 0x0000000080580000, 0x00000000d5580000)
  object space 5632K, 39% used [0x0000000080000000,0x0000000080225498,0x0000000080580000)
 Metaspace       used 6795K, capacity 7636K, committed 7808K, reserved 1056768K
  class space    used 829K, capacity 848K, committed 896K, reserved 1048576K
Event: 4.211 GC heap after
Heap after GC invocations=12 (full 1):
 PSYoungGen      total 9728K, used 443K [0x00000000d5580000, 0x00000000d6600000, 0x0000000100000000)
  eden space 6656K, 0% used [0x00000000d5580000,0x00000000d5580000,0x00000000d5c00000)
  from space 3072K, 14% used [0x00000000d5c00000,0x00000000d5c6ec10,0x00000000d5f00000)
  to   space 3072K, 0% used [0x00000000d6300000,0x00000000d6300000,0x00000000d6600000)
 ParOldGen       total 5632K, used 2205K [0x0000000080000000, 0x0000000080580000, 0x00000000d5580000)
  object space 5632K, 39% used [0x0000000080000000,0x0000000080227498,0x0000000080580000)
 Metaspace       used 6795K, capacity 7636K, committed 7808K, reserved 1056768K
  class space    used 829K, capacity 848K, committed 896K, reserved 1048576K
}
Event: 9.172 GC heap before
{Heap before GC invocations=13 (full 1):
 PSYoungGen      total 9728K, used 7099K [0x00000000d5580000, 0x00000000d6600000, 0x0000000100000000)
  eden space 6656K, 100% used [0x00000000d5580000,0x00000000d5c00000,0x00000000d5c00000)
  from space 3072K, 14% used [0x00000000d5c00000,0x00000000d5c6ec10,0x00000000d5f00000)
  to   space 3072K, 0% used [0x00000000d6300000,0x00000000d6300000,0x00000000d6600000)
 ParOldGen       total 5632K, used 2205K [0x0000000080000000, 0x0000000080580000, 0x00000000d5580000)
  object space 5632K, 39% used [0x0000000080000000,0x0000000080227498,0x0000000080580000)
 Metaspace       used 7468K, capacity 8116K, committed 8448K, reserved 1056768K
  class space    used 903K, capacity 944K, committed 1024K, reserved 1048576K
Event: 9.177 GC heap after
Heap after GC invocations=13 (full 1):
 PSYoungGen      total 13824K, used 1718K [0x00000000d5580000, 0x00000000d6600000, 0x0000000100000000)
  eden space 10752K, 0% used [0x00000000d5580000,0x00000000d5580000,0x00000000d6000000)
  from space 3072K, 55% used [0x00000000d6300000,0x00000000d64ad968,0x00000000d6600000)
  to   space 3072K, 0% used [0x00000000d6000000,0x00000000d6000000,0x00000000d6300000)
 ParOldGen       total 5632K, used 2344K [0x0000000080000000, 0x0000000080580000, 0x00000000d5580000)
  object space 5632K, 41% used [0x0000000080000000,0x000000008024a0a8,0x0000000080580000)
 Metaspace       used 7468K, capacity 8116K, committed 8448K, reserved 1056768K
  class space    used 903K, capacity 944K, committed 1024K, reserved 1048576K
}
Event: 9.413 GC heap before
{Heap before GC invocations=14 (full 1):
 PSYoungGen      total 13824K, used 12470K [0x00000000d5580000, 0x00000000d6600000, 0x0000000100000000)
  eden space 10752K, 100% used [0x00000000d5580000,0x00000000d6000000,0x00000000d6000000)
  from space 3072K, 55% used [0x00000000d6300000,0x00000000d64ad968,0x00000000d6600000)
  to   space 3072K, 0% used [0x00000000d6000000,0x00000000d6000000,0x00000000d6300000)
 ParOldGen       total 5632K, used 2344K [0x0000000080000000, 0x0000000080580000, 0x00000000d5580000)
  object space 5632K, 41% used [0x0000000080000000,0x000000008024a0a8,0x0000000080580000)
 Metaspace       used 7772K, capacity 8372K, committed 8704K, reserved 1056768K
  class space    used 916K, capacity 944K, committed 1024K, reserved 1048576K
Event: 9.423 GC heap after
Heap after GC invocations=14 (full 1):
 PSYoungGen      total 13824K, used 3050K [0x00000000d5580000, 0x00000000d6600000, 0x0000000100000000)
  eden space 10752K, 0% used [0x00000000d5580000,0x00000000d5580000,0x00000000d6000000)
  from space 3072K, 99% used [0x00000000d6000000,0x00000000d62faa90,0x00000000d6300000)
  to   space 3072K, 0% used [0x00000000d6300000,0x00000000d6300000,0x00000000d6600000)
 ParOldGen       total 5632K, used 5587K [0x0000000080000000, 0x0000000080580000, 0x00000000d5580000)
  object space 5632K, 99% used [0x0000000080000000,0x0000000080574c10,0x0000000080580000)
 Metaspace       used 7772K, capacity 8372K, committed 8704K, reserved 1056768K
  class space    used 916K, capacity 944K, committed 1024K, reserved 1048576K
}
Event: 9.423 GC heap before
{Heap before GC invocations=15 (full 2):
 PSYoungGen      total 13824K, used 3050K [0x00000000d5580000, 0x00000000d6600000, 0x0000000100000000)
  eden space 10752K, 0% used [0x00000000d5580000,0x00000000d5580000,0x00000000d6000000)
  from space 3072K, 99% used [0x00000000d6000000,0x00000000d62faa90,0x00000000d6300000)
  to   space 3072K, 0% used [0x00000000d6300000,0x00000000d6300000,0x00000000d6600000)
 ParOldGen       total 5632K, used 5587K [0x0000000080000000, 0x0000000080580000, 0x00000000d5580000)
  object space 5632K, 99% used [0x0000000080000000,0x0000000080574c10,0x0000000080580000)
 Metaspace       used 7772K, capacity 8372K, committed 8704K, reserved 1056768K
  class space    used 916K, capacity 944K, committed 1024K, reserved 1048576K
Event: 9.490 GC heap after
Heap after GC invocations=15 (full 2):
 PSYoungGen      total 13824K, used 3038K [0x00000000d5580000, 0x00000000d6600000, 0x0000000100000000)
  eden space 10752K, 0% used [0x00000000d5580000,0x00000000d5580000,0x00000000d6000000)
  from space 3072K, 98% used [0x00000000d6000000,0x00000000d62f7be8,0x00000000d6300000)
  to   space 3072K, 0% used [0x00000000d6300000,0x00000000d6300000,0x00000000d6600000)
 ParOldGen       total 5632K, used 5160K [0x0000000080000000, 0x0000000080580000, 0x00000000d5580000)
  object space 5632K, 91% used [0x0000000080000000,0x000000008050a1f0,0x0000000080580000)
 Metaspace       used 7772K, capacity 8372K, committed 8704K, reserved 1056768K
  class space    used 916K, capacity 944K, committed 1024K, reserved 1048576K
}

Deoptimization events (10 events):
Event: 9.239 Thread 0x0000000001e0e800 Uncommon trap: reason=unstable_if action=reinterpret pc=0x000000000f2fb7f0 method=com.sun.tools.javac.util.Name$Table.equals([BI[BII)Z @ 22
Event: 9.241 Thread 0x0000000001e0e800 Uncommon trap: reason=unstable_if action=reinterpret pc=0x000000000f2c9114 method=com.sun.tools.javac.parser.UnicodeReader.scanChar()V @ 37
Event: 9.241 Thread 0x0000000001e0e800 Uncommon trap: reason=unstable_if action=reinterpret pc=0x000000000f2ab008 method=com.sun.tools.javac.parser.UnicodeReader.scanChar()V @ 37
Event: 9.310 Thread 0x0000000001e0e800 Uncommon trap: reason=unstable_if action=reinterpret pc=0x000000000f31f048 method=com.sun.tools.javac.parser.UnicodeReader.scanChar()V @ 37
Event: 9.311 Thread 0x0000000001e0e800 Uncommon trap: reason=unstable_if action=reinterpret pc=0x000000000f2aac14 method=com.sun.tools.javac.parser.UnicodeReader.scanChar()V @ 37
Event: 9.344 Thread 0x0000000001e0e800 Uncommon trap: reason=class_check action=maybe_recompile pc=0x000000000f231244 method=java.util.HashMap.getNode(ILjava/lang/Object;)Ljava/util/HashMap$Node; @ 126
Event: 9.344 Thread 0x0000000001e0e800 Uncommon trap: reason=class_check action=maybe_recompile pc=0x000000000f231244 method=java.util.HashMap.getNode(ILjava/lang/Object;)Ljava/util/HashMap$Node; @ 126
Event: 9.345 Thread 0x0000000001e0e800 Uncommon trap: reason=class_check action=maybe_recompile pc=0x000000000f231244 method=java.util.HashMap.getNode(ILjava/lang/Object;)Ljava/util/HashMap$Node; @ 126
Event: 9.345 Thread 0x0000000001e0e800 Uncommon trap: reason=class_check action=maybe_recompile pc=0x000000000f231244 method=java.util.HashMap.getNode(ILjava/lang/Object;)Ljava/util/HashMap$Node; @ 126
Event: 9.411 Thread 0x0000000001e0e800 Uncommon trap: reason=unstable_if action=reinterpret pc=0x000000000f29e5e8 method=java.io.WinNTFileSystem.normalize(Ljava/lang/String;II)Ljava/lang/String; @ 8

Internal exceptions (10 events):
Event: 6.051 Thread 0x0000000001e0e800 Exception <a 'java/security/PrivilegedActionException'> (0x00000000d5814500) thrown at [C:\re\workspace\8-2-build-windows-amd64-cygwin\jdk8u111\7883\hotspot\src\share\vm\prims\jvm.cpp, line 1386]
Event: 6.051 Thread 0x0000000001e0e800 Exception <a 'java/security/PrivilegedActionException'> (0x00000000d5814710) thrown at [C:\re\workspace\8-2-build-windows-amd64-cygwin\jdk8u111\7883\hotspot\src\share\vm\prims\jvm.cpp, line 1386]
Event: 6.052 Thread 0x0000000001e0e800 Exception <a 'java/security/PrivilegedActionException'> (0x00000000d58159b8) thrown at [C:\re\workspace\8-2-build-windows-amd64-cygwin\jdk8u111\7883\hotspot\src\share\vm\prims\jvm.cpp, line 1386]
Event: 6.052 Thread 0x0000000001e0e800 Exception <a 'java/security/PrivilegedActionException'> (0x00000000d5815bc8) thrown at [C:\re\workspace\8-2-build-windows-amd64-cygwin\jdk8u111\7883\hotspot\src\share\vm\prims\jvm.cpp, line 1386]
Event: 9.379 Thread 0x0000000001e0e800 Exception <a 'java/io/FileNotFoundException'> (0x00000000d5bceac8) thrown at [C:\re\workspace\8-2-build-windows-amd64-cygwin\jdk8u111\7883\hotspot\src\share\vm\prims\jni.cpp, line 709]
Event: 9.383 Thread 0x0000000001e0e800 Exception <a 'java/io/FileNotFoundException'> (0x00000000d5c24e48) thrown at [C:\re\workspace\8-2-build-windows-amd64-cygwin\jdk8u111\7883\hotspot\src\share\vm\prims\jni.cpp, line 709]
Event: 9.507 Thread 0x0000000001e0e800 Exception <a 'java/io/FileNotFoundException'> (0x00000000d57c5b08) thrown at [C:\re\workspace\8-2-build-windows-amd64-cygwin\jdk8u111\7883\hotspot\src\share\vm\prims\jni.cpp, line 709]
Event: 9.508 Thread 0x0000000001e0e800 Exception <a 'java/io/FileNotFoundException'> (0x00000000d57c6750) thrown at [C:\re\workspace\8-2-build-windows-amd64-cygwin\jdk8u111\7883\hotspot\src\share\vm\prims\jni.cpp, line 709]
Event: 9.509 Thread 0x0000000001e0e800 Exception <a 'java/io/FileNotFoundException'> (0x00000000d57c73a8) thrown at [C:\re\workspace\8-2-build-windows-amd64-cygwin\jdk8u111\7883\hotspot\src\share\vm\prims\jni.cpp, line 709]
Event: 9.511 Thread 0x0000000001e0e800 Exception <a 'java/io/FileNotFoundException'> (0x00000000d57d1b78) thrown at [C:\re\workspace\8-2-build-windows-amd64-cygwin\jdk8u111\7883\hotspot\src\share\vm\prims\jni.cpp, line 709]

Events (10 events):
Event: 9.523 Thread 0x0000000001e0e800 DEOPT PACKING pc=0x000000000f3708f2 sp=0x00000000025fe920
Event: 9.523 Thread 0x0000000001e0e800 DEOPT UNPACKING pc=0x000000000f05787f sp=0x00000000025fe748 mode 0
Event: 9.524 Thread 0x0000000001e0e800 DEOPT PACKING pc=0x000000000f3708f2 sp=0x00000000025fe920
Event: 9.524 Thread 0x0000000001e0e800 DEOPT UNPACKING pc=0x000000000f05787f sp=0x00000000025fe748 mode 0
Event: 9.524 Thread 0x0000000001e0e800 DEOPT PACKING pc=0x000000000f3708f2 sp=0x00000000025fe920
Event: 9.524 Thread 0x0000000001e0e800 DEOPT UNPACKING pc=0x000000000f05787f sp=0x00000000025fe748 mode 0
Event: 9.528 Thread 0x0000000001e0e800 DEOPT PACKING pc=0x000000000f3708f2 sp=0x00000000025fe920
Event: 9.528 Thread 0x0000000001e0e800 DEOPT UNPACKING pc=0x000000000f05787f sp=0x00000000025fe748 mode 0
Event: 9.529 Thread 0x0000000001e0e800 DEOPT PACKING pc=0x000000000f3708f2 sp=0x00000000025fe920
Event: 9.529 Thread 0x0000000001e0e800 DEOPT UNPACKING pc=0x000000000f05787f sp=0x00000000025fe748 mode 0


Dynamic libraries:
0x000000013fc70000 - 0x000000013fc77000 	D:\program files\Java\jdk1.8.0_111\bin\javac.exe
0x0000000076e20000 - 0x0000000076fca000 	C:\Windows\SYSTEM32\ntdll.dll
0x0000000076980000 - 0x0000000076a9f000 	C:\Windows\system32\kernel32.dll
0x000007fefd5e0000 - 0x000007fefd64a000 	C:\Windows\system32\KERNELBASE.dll
0x0000000068d60000 - 0x0000000068d8f000 	D:\program files\Java\jdk1.8.0_111\bin\jli.dll
0x000007fefdea0000 - 0x000007fefdf7b000 	C:\Windows\system32\ADVAPI32.dll
0x000007fefddf0000 - 0x000007fefde8f000 	C:\Windows\system32\msvcrt.dll
0x000007fefd8e0000 - 0x000007fefd8ff000 	C:\Windows\SYSTEM32\sechost.dll
0x000007fefdcc0000 - 0x000007fefdded000 	C:\Windows\system32\RPCRT4.dll
0x000007fefbe90000 - 0x000007fefc084000 	C:\Windows\WinSxS\amd64_microsoft.windows.common-controls_6595b64144ccf1df_6.0.7601.18837_none_fa3b1e3d17594757\COMCTL32.dll
0x000007fefe050000 - 0x000007fefe0b7000 	C:\Windows\system32\GDI32.dll
0x0000000076720000 - 0x000000007681a000 	C:\Windows\system32\USER32.dll
0x000007fefde90000 - 0x000007fefde9e000 	C:\Windows\system32\LPK.dll
0x000007fefdf80000 - 0x000007fefe04a000 	C:\Windows\system32\USP10.dll
0x000007fefd650000 - 0x000007fefd6c1000 	C:\Windows\system32\SHLWAPI.dll
0x0000000064080000 - 0x0000000064152000 	D:\program files\Java\jdk1.8.0_111\bin\MSVCR100.dll
0x000007feff020000 - 0x000007feff04e000 	C:\Windows\system32\IMM32.DLL
0x000007fefef10000 - 0x000007feff019000 	C:\Windows\system32\MSCTF.dll
0x000007fefd240000 - 0x000007fefd271000 	C:\Windows\system32\nvinitx.dll
0x000000000f000000 - 0x000000000f006000 	C:\Program Files\NVIDIA Corporation\CoProcManager\detoured.dll
0x000007fefa050000 - 0x000007fefa082000 	C:\Program Files\NVIDIA Corporation\CoProcManager\nvd3d9wrapx.dll
0x000007fefda70000 - 0x000007fefdc47000 	C:\Windows\system32\SETUPAPI.dll
0x000007fefd560000 - 0x000007fefd596000 	C:\Windows\system32\CFGMGR32.dll
0x000007feff050000 - 0x000007feff12a000 	C:\Windows\system32\OLEAUT32.dll
0x000007fefd6d0000 - 0x000007fefd8d3000 	C:\Windows\system32\ole32.dll
0x000007fefd330000 - 0x000007fefd34a000 	C:\Windows\system32\DEVOBJ.dll
0x000007fef9f40000 - 0x000007fef9f62000 	C:\Program Files\NVIDIA Corporation\CoProcManager\nvdxgiwrapx.dll
0x0000000064590000 - 0x0000000064662000 	D:\program files\Java\jdk1.8.0_111\jre\bin\msvcr100.dll
0x000000005b270000 - 0x000000005bb0a000 	D:\program files\Java\jdk1.8.0_111\jre\bin\server\jvm.dll
0x000007fee8e00000 - 0x000007fee8e09000 	C:\Windows\system32\WSOCK32.dll
0x000007fefda20000 - 0x000007fefda6d000 	C:\Windows\system32\WS2_32.dll
0x000007fefdc50000 - 0x000007fefdc58000 	C:\Windows\system32\NSI.dll
0x000007fef9f70000 - 0x000007fef9fab000 	C:\Windows\system32\WINMM.dll
0x000007fefc380000 - 0x000007fefc38c000 	C:\Windows\system32\VERSION.dll
0x0000000076fe0000 - 0x0000000076fe7000 	C:\Windows\system32\PSAPI.DLL
0x000000006c520000 - 0x000000006c52f000 	D:\program files\Java\jdk1.8.0_111\jre\bin\verify.dll
0x000000006a330000 - 0x000000006a359000 	D:\program files\Java\jdk1.8.0_111\jre\bin\java.dll
0x000000006a310000 - 0x000000006a326000 	D:\program files\Java\jdk1.8.0_111\jre\bin\zip.dll
0x000007fefe0c0000 - 0x000007fefee49000 	C:\Windows\system32\SHELL32.dll
0x000007fefd280000 - 0x000007fefd28f000 	C:\Windows\system32\profapi.dll

VM Arguments:
jvm_args: -Denv.class.path=.;D:\program files\Java\jdk1.7.0_79\lib\tools.jar;D:\program files\Java\jdk1.7.0_79\jre\lib\dt.jar -Dapplication.home=D:\program files\Java\jdk1.8.0_111 -Xms8m -Xmx2048m 
java_command: com.sun.tools.javac.Main @F:/projects/SAIC/workspace/git/drill/contrib/drill-http-storage/target/classes/org.codehaus.plexus.compiler.javac.JavacCompiler3616562656405169324arguments
java_class_path (initial): D:\program files\Java\jdk1.8.0_111/lib/tools.jar;D:\program files\Java\jdk1.8.0_111/classes
Launcher Type: SUN_STANDARD

Environment Variables:
JAVA_HOME=D:\program files\Java\jdk1.7.0_79
CLASSPATH=.;D:\program files\Java\jdk1.7.0_79\lib\tools.jar;D:\program files\Java\jdk1.7.0_79\jre\lib\dt.jar
PATH=D:/program files/Java/jre1.8.0_111/bin/server;D:/program files/Java/jre1.8.0_111/bin;D:/program files/Java/jre1.8.0_111/lib/amd64;C:\ProgramData\Oracle\Java\javapath;C:\Windows\System32\;D:\program files\Java\jdk1.7.0_79\bin;D:\Program Files (x86)\Microsoft SQL Server\100\Tools\Binn\;D:\Program Files\Microsoft SQL Server\100\Tools\Binn\;D:\Program Files\Microsoft SQL Server\100\DTS\Binn\;D:\Program Files (x86)\Microsoft SQL Server\100\Tools\Binn\VSShell\Common7\IDE\;D:\Program Files (x86)\Microsoft SQL Server\100\DTS\Binn\;C:\Program Files (x86)\Microsoft Visual Studio 9.0\Common7\IDE\PrivateAssemblies\;D:\Program Files (x86)\Microsoft SQL Server\110\Tools\Binn\;C:\Program Files\Microsoft SQL Server\110\Tools\Binn\;C:\Program Files\Microsoft SQL Server\110\DTS\Binn\;D:\Program Files (x86)\Microsoft SQL Server\110\Tools\Binn\ManagementStudio\;C:\Program Files (x86)\Microsoft Visual Studio 10.0\Common7\IDE\PrivateAssemblies\;D:\Program Files (x86)\Microsoft SQL Server\110\DTS\Binn\;D:\Program Files (x86)\scala\bin;d:\Program Files\Git\cmd;F:\开发软件\apache-maven-3.3.9\bin;d:\Program Files (x86)\SSH Communications Security\SSH Secure Shell;F:\开发软件\eclipse;
USERNAME=Administrator
OS=Windows_NT
PROCESSOR_IDENTIFIER=Intel64 Family 6 Model 60 Stepping 3, GenuineIntel



---------------  S Y S T E M  ---------------

OS: Windows 7 , 64 bit Build 7601 (6.1.7601.23543)

CPU:total 8 (4 cores per cpu, 2 threads per core) family 6 model 60 stepping 3, cmov, cx8, fxsr, mmx, sse, sse2, sse3, ssse3, sse4.1, sse4.2, popcnt, avx, avx2, aes, clmul, erms, lzcnt, ht, tsc, tscinvbit, bmi1, bmi2

Memory: 4k page, physical 8208288k(102088k free), swap 12402780k(5132k free)

vm_info: Java HotSpot(TM) 64-Bit Server VM (25.111-b14) for windows-amd64 JRE (1.8.0_111-b14), built on Sep 22 2016 19:24:05 by "java_re" with MS VC++ 10.0 (VS2010)

time: Fri Nov 11 13:10:43 2016
elapsed time: 9 seconds (0d 0h 0m 9s)

